  4WORKING_NCH.cpp
d:\vs_2015\сама_vs\vc\include\xutility(3755): warning C4566: символ, представленный универсальным именем символа "\u0441", невозможно представить в текущей кодовой странице (1252)
d:\vs_2015\сама_vs\vc\include\xutility(3755): warning C4566: символ, представленный универсальным именем символа "\u0430", невозможно представить в текущей кодовой странице (1252)
d:\vs_2015\сама_vs\vc\include\xutility(3755): warning C4566: символ, представленный универсальным именем символа "\u043C", невозможно представить в текущей кодовой странице (1252)
d:\vs_2015\сама_vs\vc\include\xlocale(74): warning C4566: символ, представленный универсальным именем символа "\u0441", невозможно представить в текущей кодовой странице (1252)
d:\vs_2015\сама_vs\vc\include\xlocale(74): warning C4566: символ, представленный универсальным именем символа "\u0430", невозможно представить в текущей кодовой странице (1252)
d:\vs_2015\сама_vs\vc\include\xlocale(74): warning C4566: символ, представленный универсальным именем символа "\u043C", невозможно представить в текущей кодовой странице (1252)
d:\vs_2015\сама_vs\vc\include\xlocale(723): warning C4566: символ, представленный универсальным именем символа "\u0441", невозможно представить в текущей кодовой странице (1252)
d:\vs_2015\сама_vs\vc\include\xlocale(723): warning C4566: символ, представленный универсальным именем символа "\u0430", невозможно представить в текущей кодовой странице (1252)
d:\vs_2015\сама_vs\vc\include\xlocale(723): warning C4566: символ, представленный универсальным именем символа "\u043C", невозможно представить в текущей кодовой странице (1252)
d:\vs_2015\сама_vs\vc\include\xlocale(756): warning C4566: символ, представленный универсальным именем символа "\u0441", невозможно представить в текущей кодовой странице (1252)
d:\vs_2015\сама_vs\vc\include\xlocale(756): warning C4566: символ, представленный универсальным именем символа "\u0430", невозможно представить в текущей кодовой странице (1252)
d:\vs_2015\сама_vs\vc\include\xlocale(756): warning C4566: символ, представленный универсальным именем символа "\u043C", невозможно представить в текущей кодовой странице (1252)
d:\vs_2015\сама_vs\vc\include\xlocale(796): warning C4566: символ, представленный универсальным именем символа "\u0441", невозможно представить в текущей кодовой странице (1252)
d:\vs_2015\сама_vs\vc\include\xlocale(796): warning C4566: символ, представленный универсальным именем символа "\u0430", невозможно представить в текущей кодовой странице (1252)
d:\vs_2015\сама_vs\vc\include\xlocale(796): warning C4566: символ, представленный универсальным именем символа "\u043C", невозможно представить в текущей кодовой странице (1252)
d:\vs_2015\сама_vs\vc\include\xlocnum(102): warning C4566: символ, представленный универсальным именем символа "\u0441", невозможно представить в текущей кодовой странице (1252)
d:\vs_2015\сама_vs\vc\include\xlocnum(102): warning C4566: символ, представленный универсальным именем символа "\u0430", невозможно представить в текущей кодовой странице (1252)
d:\vs_2015\сама_vs\vc\include\xlocnum(102): warning C4566: символ, представленный универсальным именем символа "\u043C", невозможно представить в текущей кодовой странице (1252)
  4WORKING_NCH.vcxproj -> D:\POLYTECH\4 сем\выч_мат_2\КУРСАЧ\4WORKING_NCH\Debug\4WORKING_NCH.exe
  4WORKING_NCH.vcxproj -> D:\POLYTECH\4 сем\выч_мат_2\КУРСАЧ\4WORKING_NCH\Debug\4WORKING_NCH.pdb (Full PDB)
